TN:
SF:/Users/admin/Desktop/DPW/DPW/src/polyfills.ts
FNF:0
FNH:0
LF:0
LH:0
BRF:0
BRH:0
end_of_record
TN:
SF:/Users/admin/Desktop/DPW/DPW/src/test.ts
FNF:0
FNH:0
DA:18,1
DA:23,1
DA:25,1
LF:3
LH:3
BRF:0
BRH:0
end_of_record
TN:
SF:/Users/admin/Desktop/DPW/DPW/src/app/app.component.ts
FN:8,(anonymous_0)
FNF:1
FNH:1
FNDA:1,(anonymous_0)
DA:8,1
DA:9,1
LF:2
LH:2
BRF:0
BRH:0
end_of_record
TN:
SF:/Users/admin/Desktop/DPW/DPW/src/app/add-user/add-user.component.ts
FN:12,(anonymous_0)
FN:24,(anonymous_1)
FN:27,(anonymous_2)
FN:41,(anonymous_3)
FN:64,(anonymous_4)
FN:68,(anonymous_5)
FN:80,(anonymous_6)
FN:89,(anonymous_7)
FNF:8
FNH:7
FNDA:4,(anonymous_0)
FNDA:4,(anonymous_1)
FNDA:4,(anonymous_2)
FNDA:8,(anonymous_3)
FNDA:0,(anonymous_4)
FNDA:2,(anonymous_5)
FNDA:2,(anonymous_6)
FNDA:1,(anonymous_7)
DA:11,1
DA:13,4
DA:14,4
DA:15,4
DA:16,4
DA:21,4
DA:22,4
DA:25,4
DA:26,4
DA:27,4
DA:28,4
DA:29,4
DA:31,4
DA:32,0
DA:40,4
DA:41,8
DA:42,4
DA:58,4
DA:59,0
DA:65,0
DA:69,2
DA:70,2
DA:71,1
DA:74,1
DA:75,1
DA:76,1
DA:77,1
DA:78,1
DA:79,1
DA:80,2
DA:81,1
DA:82,1
DA:83,1
DA:84,1
DA:85,1
DA:90,1
LF:36
LH:33
BRDA:31,0,0,0
BRDA:31,0,1,4
BRDA:58,1,0,0
BRDA:58,1,1,4
BRDA:70,2,0,1
BRDA:70,2,1,1
BRDA:70,3,0,2
BRDA:70,3,1,2
BRDA:72,4,0,1
BRDA:72,4,1,0
BRDA:78,5,0,1
BRDA:78,5,1,0
BRDA:78,6,0,1
BRDA:78,6,1,1
BRF:14
BRH:10
end_of_record
TN:
SF:/Users/admin/Desktop/DPW/DPW/src/app/footer/footer.component.ts
FN:10,(anonymous_0)
FN:12,(anonymous_1)
FNF:2
FNH:2
FNDA:1,(anonymous_0)
FNDA:1,(anonymous_1)
DA:8,1
LF:1
LH:1
BRF:0
BRH:0
end_of_record
TN:
SF:/Users/admin/Desktop/DPW/DPW/src/app/guards/auth.guard.ts
FN:9,(anonymous_0)
FN:11,(anonymous_1)
FN:15,(anonymous_2)
FN:22,(anonymous_3)
FNF:4
FNH:4
FNDA:5,(anonymous_0)
FNDA:4,(anonymous_1)
FNDA:6,(anonymous_2)
FNDA:6,(anonymous_3)
DA:8,1
DA:9,5
DA:12,4
DA:13,4
DA:14,4
DA:15,3
DA:16,6
DA:22,3
DA:23,6
DA:28,3
DA:29,1
DA:30,1
DA:31,1
DA:32,2
DA:33,0
DA:34,0
DA:35,0
DA:37,2
DA:38,1
DA:39,1
DA:40,1
DA:43,2
DA:44,2
LF:23
LH:20
BRDA:14,0,0,3
BRDA:14,0,1,1
BRDA:17,1,0,6
BRDA:17,1,1,0
BRDA:24,2,0,6
BRDA:24,2,1,1
BRDA:28,3,0,1
BRDA:28,3,1,2
BRDA:32,4,0,0
BRDA:32,4,1,2
BRDA:38,5,0,1
BRDA:38,5,1,0
BRF:12
BRH:9
end_of_record
TN:
SF:/Users/admin/Desktop/DPW/DPW/src/app/header/header.component.ts
FN:11,(anonymous_0)
FN:19,(anonymous_1)
FN:21,(anonymous_2)
FN:28,(anonymous_3)
FN:34,(anonymous_4)
FNF:5
FNH:5
FNDA:2,(anonymous_0)
FNDA:2,(anonymous_1)
FNDA:1,(anonymous_2)
FNDA:1,(anonymous_3)
FNDA:2,(anonymous_4)
DA:10,1
DA:12,2
DA:13,2
DA:20,2
DA:22,1
DA:23,1
DA:29,1
DA:30,1
DA:31,1
DA:35,2
LF:10
LH:10
BRF:0
BRH:0
end_of_record
TN:
SF:/Users/admin/Desktop/DPW/DPW/src/app/home/home.component.ts
FN:38,(anonymous_0)
FN:39,(anonymous_1)
FN:43,(anonymous_2)
FN:47,(anonymous_3)
FN:50,(anonymous_4)
FN:57,(anonymous_5)
FN:64,(anonymous_6)
FN:66,(anonymous_7)
FN:71,(anonymous_8)
FN:74,(anonymous_9)
FN:80,(anonymous_10)
FN:91,(anonymous_11)
FNF:12
FNH:7
FNDA:3,(anonymous_0)
FNDA:3,(anonymous_1)
FNDA:3,(anonymous_2)
FNDA:3,(anonymous_3)
FNDA:0,(anonymous_4)
FNDA:0,(anonymous_5)
FNDA:0,(anonymous_6)
FNDA:0,(anonymous_7)
FNDA:4,(anonymous_8)
FNDA:4,(anonymous_9)
FNDA:0,(anonymous_10)
FNDA:4,(anonymous_11)
DA:19,1
DA:20,3
DA:21,3
DA:30,3
DA:31,3
DA:32,3
DA:35,1
DA:36,1
DA:38,3
DA:40,3
DA:44,3
DA:48,3
DA:49,0
DA:51,0
DA:52,0
DA:56,0
DA:58,0
DA:65,0
DA:66,0
DA:67,0
DA:68,0
DA:72,4
DA:75,4
DA:76,4
DA:81,0
DA:88,0
DA:92,4
DA:99,4
LF:28
LH:17
BRDA:48,0,0,0
BRDA:48,0,1,3
BRF:2
BRH:1
end_of_record
TN:
SF:/Users/admin/Desktop/DPW/DPW/src/app/login/login.component.ts
FN:15,(anonymous_0)
FN:21,(anonymous_1)
FN:28,(anonymous_2)
FN:32,(anonymous_3)
FNF:4
FNH:3
FNDA:3,(anonymous_0)
FNDA:3,(anonymous_1)
FNDA:0,(anonymous_2)
FNDA:2,(anonymous_3)
DA:11,1
DA:13,3
DA:16,3
DA:17,3
DA:18,3
DA:22,3
DA:29,0
DA:33,2
DA:34,2
DA:35,2
LF:10
LH:9
BRF:0
BRH:0
end_of_record
TN:
SF:/Users/admin/Desktop/DPW/DPW/src/app/services/data.service.ts
FN:13,(anonymous_0)
FN:15,(anonymous_1)
FN:19,(anonymous_2)
FN:23,(anonymous_3)
FN:27,(anonymous_4)
FN:34,(anonymous_5)
FN:41,(anonymous_6)
FN:44,(anonymous_7)
FNF:8
FNH:7
FNDA:18,(anonymous_0)
FNDA:1,(anonymous_1)
FNDA:3,(anonymous_2)
FNDA:1,(anonymous_3)
FNDA:6,(anonymous_4)
FNDA:5,(anonymous_5)
FNDA:10,(anonymous_6)
FNDA:0,(anonymous_7)
DA:9,1
DA:11,18
DA:16,1
DA:20,3
DA:24,1
DA:28,6
DA:29,6
DA:31,0
DA:35,5
DA:36,5
DA:37,5
DA:38,5
DA:40,5
DA:41,10
DA:44,5
DA:45,0
DA:46,0
DA:47,0
DA:49,0
DA:50,0
DA:53,5
LF:21
LH:15
BRDA:28,0,0,6
BRDA:28,0,1,0
BRDA:40,1,0,5
BRDA:40,1,1,0
BRDA:45,2,0,0
BRDA:45,2,1,0
BRDA:49,3,0,0
BRDA:49,3,1,0
BRDA:49,4,0,0
BRDA:49,4,1,0
BRF:10
BRH:2
end_of_record
TN:
SF:/Users/admin/Desktop/DPW/DPW/src/assets/mocks/roles.js
FNF:0
FNH:0
DA:1,1
LF:1
LH:1
BRF:0
BRH:0
end_of_record
